<?xml version="1.0" encoding="UTF-8"?>
<!-- Generated by org.testng.reporters.JUnitXMLReporter -->
<testsuite ignored="0" hostname="LAPTOP-N6VSKHEQ" failures="0" tests="7" name="Default test" time="1.38" errors="0" timestamp="2021-09-13T06:57:31 IST">
  <testcase classname="restMock.Tests" name="Test_RespBody" time="1.14"/>
  <testcase classname="restMock.Tests" name="Test_RespStatus" time="0.034"/>
  <testcase classname="restMock.Tests" name="TestHeaders" time="0.03"/>
  <testcase classname="restMock.Tests" name="TestNodes" time="0.044"/>
  <testcase classname="restMock.Tests" name="TestPropertyName" time="0.033"/>
  <testcase classname="restMock.Tests" name="TestPropertyURL" time="0.03"/>
  <testcase classname="restMock.Tests" name="TestPropertyDescription" time="0.028"/>
</testsuite> <!-- Default test -->
